<?xml version="1.0" encoding="UTF-8"?>
<!-- Generated by org.testng.reporters.JUnitReportReporter -->
<testsuite hostname="DESKTOP-KB64JHN" failures="0" tests="2" name="TestCases.GooglePageTestFW" time="9.994" errors="0" timestamp="2024-08-19T12:36:56 IST" skipped="0">
  <testcase classname="TestCases.GooglePageTestFW" name="clickFacebook" time="6.390"/>
  <testcase classname="TestCases.GooglePageTestFW" name="SearchGoogle" time="3.604"/>
</testsuite> <!-- TestCases.GooglePageTestFW -->
