<?xml version="1.0" encoding="UTF-8"?>
<!-- Generated by org.testng.reporters.JUnitReportReporter -->
<testsuite hostname="DESKTOP-KB64JHN" failures="0" tests="2" name="TestCases.GooglePageTestFW" time="5.801" errors="0" timestamp="2024-08-09T12:15:24 IST" skipped="0">
  <testcase classname="TestCases.GooglePageTestFW" name="SearchGoogle" time="2.816"/>
  <testcase classname="TestCases.GooglePageTestFW" name="clickFacebook" time="2.985"/>
</testsuite> <!-- TestCases.GooglePageTestFW -->
